bio_guard/build/app/intermediates/manifest_merge_blame_file/debug/manifest-merger-blame-debug-report.txt
1<?xml version="1.0" encoding="utf-8"?>
2<manifest xmlns:android="http://schemas.android.com/apk/res/android"
3    package="com.example.bio_guard"
4    android:versionCode="1"
5    android:versionName="1.0.0" >
6
7    <uses-sdk
8        android:minSdkVersion="16"
9        android:targetSdkVersion="30" />
10    <!--
11         Flutter needs it to communicate with the running application
12         to allow setting breakpoints, to provide hot reload, etc.
13    -->
14    <uses-permission android:name="android.permission.INTERNET" />
14-->src\main\AndroidManifest.xml:41:5-67
14-->src\main\AndroidManifest.xml:41:22-64
15    <uses-permission android:name="android.permission.ACCESS_NETWORK_STATE" />
15-->src\main\AndroidManifest.xml:42:5-79
15-->src\main\AndroidManifest.xml:42:22-76
16    <uses-permission android:name="android.permission.FOREGROUND_SERVICE" />
16-->src\main\AndroidManifest.xml:43:5-77
16-->src\main\AndroidManifest.xml:43:22-74
17    <uses-permission android:name="android.permission.ACCESS_BACKGROUND_LOCATION" />
17-->src\main\AndroidManifest.xml:44:5-84
17-->src\main\AndroidManifest.xml:44:22-82
18    <uses-permission android:name="android.permission.CHANGE_WIFI_STATE" />
18-->src\main\AndroidManifest.xml:45:5-75
18-->src\main\AndroidManifest.xml:45:22-73
19    <uses-permission android:name="android.permission.ACCESS_WIFI_STATE" />
19-->src\main\AndroidManifest.xml:46:5-75
19-->src\main\AndroidManifest.xml:46:22-73
20    <uses-permission android:name="android.permission.WAKE_LOCK" />
20-->[:firebase_analytics] AndroidManifest.xml:9:5-68
20-->[:firebase_analytics] AndroidManifest.xml:9:22-65
21    <uses-permission android:name="android.permission.ACCESS_COARSE_LOCATION" />
21-->[:location] AndroidManifest.xml:7:5-81
21-->[:location] AndroidManifest.xml:7:22-78
22    <uses-permission android:name="android.permission.ACCESS_FINE_LOCATION" />
22-->[:location] AndroidManifest.xml:8:5-79
22-->[:location] AndroidManifest.xml:8:22-76
23    <uses-permission android:name="android.permission.USE_FINGERPRINT" />
23-->[:local_auth] AndroidManifest.xml:9:5-74
23-->[:local_auth] AndroidManifest.xml:9:22-71
24
25    <uses-feature android:name="android.hardware.wifi" />
25-->[:wifi_iot] AndroidManifest.xml:7:5-58
25-->[:wifi_iot] AndroidManifest.xml:7:19-55
26
27    <uses-permission android:name="android.permission.CHANGE_NETWORK_STATE" />
27-->[:wifi_iot] AndroidManifest.xml:12:5-79
27-->[:wifi_iot] AndroidManifest.xml:12:22-76
28    <uses-permission android:name="android.permission.WRITE_SETTINGS" /> <!-- Required by older versions of Google Play services to create IID tokens -->
28-->[:wifi_iot] AndroidManifest.xml:17:5-73
28-->[:wifi_iot] AndroidManifest.xml:17:22-70
29    <uses-permission android:name="com.google.android.c2dm.permission.RECEIVE" />
29-->[com.google.firebase:firebase-iid:17.1.2] AndroidManifest.xml:26:5-82
29-->[com.google.firebase:firebase-iid:17.1.2] AndroidManifest.xml:26:22-79
30    <uses-permission android:name="android.permission.USE_BIOMETRIC" />
30-->[androidx.biometric:biometric:1.1.0] AndroidManifest.xml:24:5-72
30-->[androidx.biometric:biometric:1.1.0] AndroidManifest.xml:24:22-69
31    <uses-permission android:name="com.google.android.finsky.permission.BIND_GET_INSTALL_REFERRER_SERVICE" />
31-->[com.google.android.gms:play-services-measurement:16.5.0] AndroidManifest.xml:26:5-110
31-->[com.google.android.gms:play-services-measurement:16.5.0] AndroidManifest.xml:26:22-107
32
33    <application
33-->src\main\AndroidManifest.xml:3:4-40:19
34        android:name="androidx.multidex.MultiDexApplication"
35        android:appComponentFactory="androidx.core.app.CoreComponentFactory"
35-->[androidx.core:core:1.3.2] AndroidManifest.xml:24:18-86
36        android:debuggable="true"
37        android:icon="@mipmap/ic_launcher"
37-->src\main\AndroidManifest.xml:5:9-43
38        android:label="bio_guard" >
38-->src\main\AndroidManifest.xml:4:9-34
39        <activity
39-->src\main\AndroidManifest.xml:6:9-34:20
40            android:name="com.example.bio_guard.MainActivity"
40-->src\main\AndroidManifest.xml:7:13-41
41            android:configChanges="orientation|keyboardHidden|keyboard|screenSize|smallestScreenSize|locale|layoutDirection|fontScale|screenLayout|density|uiMode"
41-->src\main\AndroidManifest.xml:10:13-163
42            android:hardwareAccelerated="true"
42-->src\main\AndroidManifest.xml:11:13-47
43            android:launchMode="singleTop"
43-->src\main\AndroidManifest.xml:8:13-43
44            android:theme="@style/LaunchTheme"
44-->src\main\AndroidManifest.xml:9:13-47
45            android:windowSoftInputMode="adjustResize" >
45-->src\main\AndroidManifest.xml:12:13-55
46
47            <!--
48                 Specifies an Android theme to apply to this Activity as soon as
49                 the Android process has started. This theme is visible to the user
50                 while the Flutter UI initializes. After that, this theme continues
51                 to determine the Window background behind the Flutter UI.
52            -->
53            <meta-data
53-->src\main\AndroidManifest.xml:17:13-20:17
54                android:name="io.flutter.embedding.android.NormalTheme"
54-->src\main\AndroidManifest.xml:18:15-70
55                android:resource="@style/NormalTheme" />
55-->src\main\AndroidManifest.xml:19:15-52
56            <!--
57                 Displays an Android View that continues showing the launch screen
58                 Drawable until Flutter paints its first frame, then this splash
59                 screen fades out. A splash screen is useful to avoid any visual
60                 gap between the end of Android's launch screen and the painting of
61                 Flutter's first frame.
62            -->
63            <meta-data
63-->src\main\AndroidManifest.xml:26:13-29:17
64                android:name="io.flutter.embedding.android.SplashScreenDrawable"
64-->src\main\AndroidManifest.xml:27:15-79
65                android:resource="@drawable/launch_background" />
65-->src\main\AndroidManifest.xml:28:15-61
66
67            <intent-filter>
67-->src\main\AndroidManifest.xml:30:13-33:29
68                <action android:name="android.intent.action.MAIN" />
68-->src\main\AndroidManifest.xml:31:17-68
68-->src\main\AndroidManifest.xml:31:25-66
69
70                <category android:name="android.intent.category.LAUNCHER" />
70-->src\main\AndroidManifest.xml:32:17-76
70-->src\main\AndroidManifest.xml:32:27-74
71            </intent-filter>
72        </activity>
73        <!--
74             Don't delete the meta-data below.
75             This is used by the Flutter tool to generate GeneratedPluginRegistrant.java
76        -->
77        <meta-data
77-->src\main\AndroidManifest.xml:37:9-39:33
78            android:name="flutterEmbedding"
78-->src\main\AndroidManifest.xml:38:13-44
79            android:value="2" />
79-->src\main\AndroidManifest.xml:39:13-30
80
81        <service
81-->[:firebase_analytics] AndroidManifest.xml:12:9-16:19
82            android:name="com.google.firebase.components.ComponentDiscoveryService"
82-->[:firebase_analytics] AndroidManifest.xml:12:18-89
83            android:directBootAware="true"
83-->[com.google.firebase:firebase-common:19.3.0] AndroidManifest.xml:34:13-43
84            android:exported="false" >
84-->[com.google.firebase:firebase-auth:17.0.0] AndroidManifest.xml:35:13-37
85            <meta-data
85-->[:firebase_analytics] AndroidManifest.xml:13:13-15:85
86                android:name="com.google.firebase.components:io.flutter.plugins.firebaseanalytics.FlutterFirebaseAppRegistrar"
86-->[:firebase_analytics] AndroidManifest.xml:14:17-127
87                android:value="com.google.firebase.components.ComponentRegistrar" />
87-->[:firebase_analytics] AndroidManifest.xml:15:17-82
88            <meta-data
88-->[:firebase_auth] AndroidManifest.xml:9:13-11:85
89                android:name="com.google.firebase.components:io.flutter.plugins.firebaseauth.FlutterFirebaseAppRegistrar"
89-->[:firebase_auth] AndroidManifest.xml:10:17-122
90                android:value="com.google.firebase.components.ComponentRegistrar" />
90-->[:firebase_auth] AndroidManifest.xml:11:17-82
91            <meta-data
91-->[:cloud_firestore] AndroidManifest.xml:9:13-11:85
92                android:name="com.google.firebase.components:io.flutter.plugins.firebase.cloudfirestore.FlutterFirebaseAppRegistrar"
92-->[:cloud_firestore] AndroidManifest.xml:10:17-133
93                android:value="com.google.firebase.components.ComponentRegistrar" />
93-->[:cloud_firestore] AndroidManifest.xml:11:17-82
94            <meta-data
94-->[:firebase_core] AndroidManifest.xml:9:13-11:85
95                android:name="com.google.firebase.components:io.flutter.plugins.firebase.core.FlutterFirebaseAppRegistrar"
95-->[:firebase_core] AndroidManifest.xml:10:17-123
96                android:value="com.google.firebase.components.ComponentRegistrar" />
96-->[:firebase_core] AndroidManifest.xml:11:17-82
97            <meta-data
97-->[com.google.firebase:firebase-auth:17.0.0] AndroidManifest.xml:36:13-38:85
98                android:name="com.google.firebase.components:com.google.firebase.auth.FirebaseAuthRegistrar"
98-->[com.google.firebase:firebase-auth:17.0.0] AndroidManifest.xml:37:17-109
99                android:value="com.google.firebase.components.ComponentRegistrar" />
99-->[com.google.firebase:firebase-auth:17.0.0] AndroidManifest.xml:38:17-82
100            <meta-data
100-->[com.google.firebase:firebase-firestore:21.3.0] AndroidManifest.xml:20:13-22:85
101                android:name="com.google.firebase.components:com.google.firebase.firestore.FirestoreRegistrar"
101-->[com.google.firebase:firebase-firestore:21.3.0] AndroidManifest.xml:21:17-111
102                android:value="com.google.firebase.components.ComponentRegistrar" />
102-->[com.google.firebase:firebase-firestore:21.3.0] AndroidManifest.xml:22:17-82
103            <meta-data
103-->[com.google.android.gms:play-services-measurement-api:16.5.0] AndroidManifest.xml:30:13-32:85
104                android:name="com.google.firebase.components:com.google.firebase.analytics.connector.internal.AnalyticsConnectorRegistrar"
104-->[com.google.android.gms:play-services-measurement-api:16.5.0] AndroidManifest.xml:31:17-139
105                android:value="com.google.firebase.components.ComponentRegistrar" />
105-->[com.google.android.gms:play-services-measurement-api:16.5.0] AndroidManifest.xml:32:17-82
106            <meta-data
106-->[com.google.firebase:firebase-iid:17.1.2] AndroidManifest.xml:32:13-34:85
107                android:name="com.google.firebase.components:com.google.firebase.iid.Registrar"
107-->[com.google.firebase:firebase-iid:17.1.2] AndroidManifest.xml:33:17-96
108                android:value="com.google.firebase.components.ComponentRegistrar" />
108-->[com.google.firebase:firebase-iid:17.1.2] AndroidManifest.xml:34:17-82
109        </service>
110        <service
110-->[:location] AndroidManifest.xml:11:9-15:56
111            android:name="com.lyokone.location.FlutterLocationService"
111-->[:location] AndroidManifest.xml:12:13-71
112            android:enabled="true"
112-->[:location] AndroidManifest.xml:13:13-35
113            android:exported="false"
113-->[:location] AndroidManifest.xml:14:13-37
114            android:foregroundServiceType="location" />
114-->[:location] AndroidManifest.xml:15:13-53
115
116        <activity
116-->[com.google.firebase:firebase-auth:17.0.0] AndroidManifest.xml:24:9-31:50
117            android:name="com.google.firebase.auth.internal.FederatedSignInActivity"
117-->[com.google.firebase:firebase-auth:17.0.0] AndroidManifest.xml:25:13-85
118            android:excludeFromRecents="true"
118-->[com.google.firebase:firebase-auth:17.0.0] AndroidManifest.xml:26:13-46
119            android:exported="true"
119-->[com.google.firebase:firebase-auth:17.0.0] AndroidManifest.xml:27:13-36
120            android:launchMode="singleTask"
120-->[com.google.firebase:firebase-auth:17.0.0] AndroidManifest.xml:28:13-44
121            android:permission="com.google.firebase.auth.api.gms.permission.LAUNCH_FEDERATED_SIGN_IN"
121-->[com.google.firebase:firebase-auth:17.0.0] AndroidManifest.xml:29:13-102
122            android:theme="@android:style/Theme.Translucent.NoTitleBar" />
122-->[com.google.firebase:firebase-auth:17.0.0] AndroidManifest.xml:30:13-72
123
124        <receiver
124-->[com.google.firebase:firebase-iid:17.1.2] AndroidManifest.xml:37:9-44:20
125            android:name="com.google.firebase.iid.FirebaseInstanceIdReceiver"
125-->[com.google.firebase:firebase-iid:17.1.2] AndroidManifest.xml:38:13-78
126            android:exported="true"
126-->[com.google.firebase:firebase-iid:17.1.2] AndroidManifest.xml:39:13-36
127            android:permission="com.google.android.c2dm.permission.SEND" >
127-->[com.google.firebase:firebase-iid:17.1.2] AndroidManifest.xml:40:13-73
128            <intent-filter>
128-->[com.google.firebase:firebase-iid:17.1.2] AndroidManifest.xml:41:13-43:29
129                <action android:name="com.google.android.c2dm.intent.RECEIVE" />
129-->[com.google.firebase:firebase-iid:17.1.2] AndroidManifest.xml:42:17-81
129-->[com.google.firebase:firebase-iid:17.1.2] AndroidManifest.xml:42:25-78
130            </intent-filter>
131        </receiver>
132        <!--
133             FirebaseInstanceIdService performs security checks at runtime,
134             no need for explicit permissions despite exported="true"
135        -->
136        <service
136-->[com.google.firebase:firebase-iid:17.1.2] AndroidManifest.xml:50:9-56:19
137            android:name="com.google.firebase.iid.FirebaseInstanceIdService"
137-->[com.google.firebase:firebase-iid:17.1.2] AndroidManifest.xml:51:13-77
138            android:exported="true" >
138-->[com.google.firebase:firebase-iid:17.1.2] AndroidManifest.xml:52:13-36
139            <intent-filter android:priority="-500" >
139-->[com.google.firebase:firebase-iid:17.1.2] AndroidManifest.xml:53:13-55:29
139-->[com.google.firebase:firebase-iid:17.1.2] AndroidManifest.xml:53:28-51
140                <action android:name="com.google.firebase.INSTANCE_ID_EVENT" />
140-->[com.google.firebase:firebase-iid:17.1.2] AndroidManifest.xml:54:17-80
140-->[com.google.firebase:firebase-iid:17.1.2] AndroidManifest.xml:54:25-77
141            </intent-filter>
142        </service>
143
144        <provider
144-->[com.google.firebase:firebase-common:19.3.0] AndroidManifest.xml:26:9-30:39
145            android:name="com.google.firebase.provider.FirebaseInitProvider"
145-->[com.google.firebase:firebase-common:19.3.0] AndroidManifest.xml:27:13-77
146            android:authorities="com.example.bio_guard.firebaseinitprovider"
146-->[com.google.firebase:firebase-common:19.3.0] AndroidManifest.xml:28:13-72
147            android:exported="false"
147-->[com.google.firebase:firebase-common:19.3.0] AndroidManifest.xml:29:13-37
148            android:initOrder="100" />
148-->[com.google.firebase:firebase-common:19.3.0] AndroidManifest.xml:30:13-36
149
150        <receiver
150-->[com.google.android.gms:play-services-measurement:16.5.0] AndroidManifest.xml:29:9-33:20
151            android:name="com.google.android.gms.measurement.AppMeasurementReceiver"
151-->[com.google.android.gms:play-services-measurement:16.5.0] AndroidManifest.xml:30:13-85
152            android:enabled="true"
152-->[com.google.android.gms:play-services-measurement:16.5.0] AndroidManifest.xml:31:13-35
153            android:exported="false" >
153-->[com.google.android.gms:play-services-measurement:16.5.0] AndroidManifest.xml:32:13-37
154        </receiver>
155        <receiver
155-->[com.google.android.gms:play-services-measurement:16.5.0] AndroidManifest.xml:34:9-42:20
156            android:name="com.google.android.gms.measurement.AppMeasurementInstallReferrerReceiver"
156-->[com.google.android.gms:play-services-measurement:16.5.0] AndroidManifest.xml:35:13-100
157            android:enabled="true"
157-->[com.google.android.gms:play-services-measurement:16.5.0] AndroidManifest.xml:36:13-35
158            android:exported="true"
158-->[com.google.android.gms:play-services-measurement:16.5.0] AndroidManifest.xml:37:13-36
159            android:permission="android.permission.INSTALL_PACKAGES" >
159-->[com.google.android.gms:play-services-measurement:16.5.0] AndroidManifest.xml:38:13-69
160            <intent-filter>
160-->[com.google.android.gms:play-services-measurement:16.5.0] AndroidManifest.xml:39:13-41:29
161                <action android:name="com.android.vending.INSTALL_REFERRER" />
161-->[com.google.android.gms:play-services-measurement:16.5.0] AndroidManifest.xml:40:17-79
161-->[com.google.android.gms:play-services-measurement:16.5.0] AndroidManifest.xml:40:25-76
162            </intent-filter>
163        </receiver>
164
165        <service
165-->[com.google.android.gms:play-services-measurement:16.5.0] AndroidManifest.xml:44:9-47:40
166            android:name="com.google.android.gms.measurement.AppMeasurementService"
166-->[com.google.android.gms:play-services-measurement:16.5.0] AndroidManifest.xml:45:13-84
167            android:enabled="true"
167-->[com.google.android.gms:play-services-measurement:16.5.0] AndroidManifest.xml:46:13-35
168            android:exported="false" />
168-->[com.google.android.gms:play-services-measurement:16.5.0] AndroidManifest.xml:47:13-37
169        <service
169-->[com.google.android.gms:play-services-measurement:16.5.0] AndroidManifest.xml:48:9-52:72
170            android:name="com.google.android.gms.measurement.AppMeasurementJobService"
170-->[com.google.android.gms:play-services-measurement:16.5.0] AndroidManifest.xml:49:13-87
171            android:enabled="true"
171-->[com.google.android.gms:play-services-measurement:16.5.0] AndroidManifest.xml:50:13-35
172            android:exported="false"
172-->[com.google.android.gms:play-services-measurement:16.5.0] AndroidManifest.xml:51:13-37
173            android:permission="android.permission.BIND_JOB_SERVICE" />
173-->[com.google.android.gms:play-services-measurement:16.5.0] AndroidManifest.xml:52:13-69
174
175        <activity
175-->[com.google.android.gms:play-services-base:17.0.0] AndroidManifest.xml:23:9-26:75
176            android:name="com.google.android.gms.common.api.GoogleApiActivity"
176-->[com.google.android.gms:play-services-base:17.0.0] AndroidManifest.xml:24:13-79
177            android:exported="false"
177-->[com.google.android.gms:play-services-base:17.0.0] AndroidManifest.xml:25:13-37
178            android:theme="@android:style/Theme.Translucent.NoTitleBar" />
178-->[com.google.android.gms:play-services-base:17.0.0] AndroidManifest.xml:26:13-72
179
180        <meta-data
180-->[com.google.android.gms:play-services-basement:17.0.0] AndroidManifest.xml:23:9-25:69
181            android:name="com.google.android.gms.version"
181-->[com.google.android.gms:play-services-basement:17.0.0] AndroidManifest.xml:24:13-58
182            android:value="@integer/google_play_services_version" />
182-->[com.google.android.gms:play-services-basement:17.0.0] AndroidManifest.xml:25:13-66
183    </application>
184
185</manifest>